;  LST file generated by mikroListExporter - v.2.0 
; Date/Time: 26.04.2022 13:56:52
;----------------------------------------------

;Address Opcode 	ASM
0x0000	0xF000EF16  	GOTO        44
0x0004	0x0000      	NOP
0x0006	0x0000      	NOP
0x0008	0xF000EF00  	GOTO        0
0x000C	0x0000      	NOP
0x000E	0x0000      	NOP
0x0010	0x0000      	NOP
0x0012	0x0000      	NOP
0x0014	0x0000      	NOP
0x0016	0x0000      	NOP
0x0018	0xD7F3      	BRA         0
___CC2DW:
;__Lib_System.c,21 :: 		
;__Lib_System.c,23 :: 		
_CC2DL_Loop1:
;__Lib_System.c,24 :: 		
0x001C	0x0009      	TBLRD*+
;__Lib_System.c,25 :: 		
0x001E	0xFFE6CFF5  	MOVFF       TABLAT, POSTINC1
;__Lib_System.c,26 :: 		
0x0022	0x0600      	DECF        R0, 1, 0
;__Lib_System.c,27 :: 		
0x0024	0xE1FB      	BNZ         _CC2DL_Loop1
;__Lib_System.c,28 :: 		
0x0026	0x0601      	DECF        R1, 1, 0
;__Lib_System.c,29 :: 		
0x0028	0xE1F9      	BNZ         _CC2DL_Loop1
;__Lib_System.c,31 :: 		
L_end___CC2DW:
0x002A	0x0012      	RETURN      0
; end of ___CC2DW
_main:
0x002C	0xF000EC38  	CALL        112, 0
;DAC.c,5 :: 		void main() {
;DAC.c,7 :: 		OSCCON = 0x62; // 8000000
0x0030	0x0E62      	MOVLW       98
0x0032	0x6ED3      	MOVWF       OSCCON 
;DAC.c,9 :: 		DACCON0.B7 = 0; //  Clearing the DACEN bit in the VREFCON1 register
0x0034	0x010F      	MOVLB       15
0x0036	0x9F41      	BCF         DACCON0, 7, 1
;DAC.c,10 :: 		DACCON0.B6 = 1; //SETTING the DACLPS bit in the VREFCON1
0x0038	0x8D41      	BSF         DACCON0, 6, 1
;DAC.c,11 :: 		DACCON0.B5 = 1;
0x003A	0x8B41      	BSF         DACCON0, 5, 1
;DAC.c,12 :: 		DACCON0.B3 = 0;    //Configuring the DACPSS bits to the proper
0x003C	0x9741      	BCF         DACCON0, 3, 1
;DAC.c,13 :: 		DACCON0.B2 = 0;   //Configuring the DACPSS bits to the proper
0x003E	0x9541      	BCF         DACCON0, 2, 1
;DAC.c,14 :: 		DACCON0.B0 = 0;
0x0040	0x9141      	BCF         DACCON0, 0, 1
;DAC.c,15 :: 		DACCON0.B7 = 1;
0x0042	0x8F41      	BSF         DACCON0, 7, 1
;DAC.c,17 :: 		DACCON1.B0 = 1;
0x0044	0x8140      	BSF         DACCON1, 0, 1
;DAC.c,18 :: 		DACCON1.B1 = 1;
0x0046	0x8340      	BSF         DACCON1, 1, 1
;DAC.c,19 :: 		DACCON1.B2 = 1;
0x0048	0x8540      	BSF         DACCON1, 2, 1
;DAC.c,20 :: 		DACCON1.B3 = 1;
0x004A	0x8740      	BSF         DACCON1, 3, 1
;DAC.c,21 :: 		DACCON1.B4 = 1;
0x004C	0x8940      	BSF         DACCON1, 4, 1
;DAC.c,23 :: 		}
L_end_main:
0x004E	0xD7FF      	BRA         $+0
; end of _main
0x0070	0xF015EE10  	LFSR        1, 21
0x0074	0x0E20      	MOVLW       32
0x0076	0x6E00      	MOVWF       R0 
0x0078	0x0E01      	MOVLW       1
0x007A	0x6E01      	MOVWF       R1 
0x007C	0x0E50      	MOVLW       80
0x007E	0x6EF6      	MOVWF       TBLPTR 
0x0080	0x0E00      	MOVLW       0
0x0082	0x6EF7      	MOVWF       TBLPTRH 
0x0084	0x0E00      	MOVLW       0
0x0086	0x6EF8      	MOVWF       TBLPTRU 
0x0088	0xF000EC0E  	CALL        28, 0
0x008C	0x0012      	RETURN      0
;__Lib_FT5XX6.c,0 :: ?ICS__Lib_FT5XX6_OrientPrototype1
0x0050	0x0037 ;?ICS__Lib_FT5XX6_OrientPrototype1+0
0x0052	0x0035 ;?ICS__Lib_FT5XX6_OrientPrototype1+2
0x0054	0x0036 ;?ICS__Lib_FT5XX6_OrientPrototype1+4
0x0056	0x0038 ;?ICS__Lib_FT5XX6_OrientPrototype1+6
; end of ?ICS__Lib_FT5XX6_OrientPrototype1
;__Lib_FT5XX6.c,0 :: ?ICS__Lib_FT5XX6_OrientPrototype0
0x0058	0x0035 ;?ICS__Lib_FT5XX6_OrientPrototype0+0
0x005A	0x0036 ;?ICS__Lib_FT5XX6_OrientPrototype0+2
0x005C	0x0038 ;?ICS__Lib_FT5XX6_OrientPrototype0+4
0x005E	0x0037 ;?ICS__Lib_FT5XX6_OrientPrototype0+6
; end of ?ICS__Lib_FT5XX6_OrientPrototype0
;__Lib_FT5XX6.c,0 :: ?ICS__Lib_FT5XX6_OrientPrototype3
0x0060	0x0036 ;?ICS__Lib_FT5XX6_OrientPrototype3+0
0x0062	0x0038 ;?ICS__Lib_FT5XX6_OrientPrototype3+2
0x0064	0x0037 ;?ICS__Lib_FT5XX6_OrientPrototype3+4
0x0066	0x0035 ;?ICS__Lib_FT5XX6_OrientPrototype3+6
; end of ?ICS__Lib_FT5XX6_OrientPrototype3
;__Lib_FT5XX6.c,0 :: ?ICS__Lib_FT5XX6_OrientPrototype2
0x0068	0x0038 ;?ICS__Lib_FT5XX6_OrientPrototype2+0
0x006A	0x0037 ;?ICS__Lib_FT5XX6_OrientPrototype2+2
0x006C	0x0035 ;?ICS__Lib_FT5XX6_OrientPrototype2+4
0x006E	0x0036 ;?ICS__Lib_FT5XX6_OrientPrototype2+6
; end of ?ICS__Lib_FT5XX6_OrientPrototype2
Symbol List:
//** Routines locations **
//ADDRESS    SIZE    PROCEDURE
//----------------------------------------------
0x001C      [16]    ___CC2DW
0x002C      [36]    _main
//** Variables locations ** 
//ADDRESS    SIZE    VARIABLE
//----------------------------------------------
0x0000       [1]    EEPROM_Write_SaveINTCON_L0
0x0000       [1]    __Lib_SoftI2C_PutZerosToLATSda_temp_sda_L0
0x0000       [1]    UART1_Init_tmp_L0
0x0000       [1]    SPI1_Write_tmp_L0
0x0000       [1]    SPI2_Write_tmp_L0
0x0000       [1]    __Lib_SoftI2C_PutZerosToLATScl_temp_scl_L0
0x0000       [1]    UART2_Init_tmp_L0
0x0000       [1]    FLASH_Erase_64_SaveINTCON_L0
0x0000       [1]    R0
0x0001       [1]    __Lib_PS2_Wait_Falling_nsample_L0
0x0001       [1]    FLASH_Write_64_i_L0
0x0001       [1]    ispunct_rslt_L0
0x0001       [1]    R1
0x0001       [1]    __Lib_TFT_16bit_JPEG_FileReadBytes_Result_L0
0x0001       [1]    __Lib_TFT_16bit_JPEG_FileRead_i_L0
0x0001       [1]    UART2_Read___tmp_UART2_Read_L0
0x0001       [1]    FLASH_Erase_Write_64_i_L0
0x0001       [2]    FLASH_Read_N_Bytes_i_L0
0x0001       [1]    UART1_Read___tmp_UART1_Read_L0
0x0001       [1]    __Lib_TFT_JPEG_FileRead_i_L0
0x0001       [1]    __Lib_Conversions_Adjust_Hex_tmp_L0
0x0001       [1]    __Lib_TFT_JPEG_FileReadBytes_Result_L0
0x0002       [2]    FT5XX6_GetGestureIndex_i_L0
0x0002       [2]    memset_pp_L0
0x0002       [2]    memchr_s_L0
0x0002       [1]    R2
0x0002       [1]    FLASH_Write_64_SaveINTCON_L0
0x0002       [1]    FLASH_Erase_Write_64_j_L0
0x0002       [2]    memcpy_dd_L0
0x0002       [2]    strlen_cp_L0
0x0003       [1]    R3
0x0003       [2]    __Lib_MmcFat16_f16_toInt_l_L0
0x0003       [2]    memmove_tt_L0
0x0003       [2]    MM_TotalFreeMemSize_Tot_L0
0x0003       [1]    MM_Init_i_L0
0x0003       [1]    __Lib_Sprinti_?FLOC____Lib_Sprinti_Do_FillT29
0x0003       [2]    Ltrim_original_L0
0x0003       [1]    FLASH_Erase_Write_64_SaveINTCON_L0
0x0004       [1]    R4
0x0004       [2]    strncpy_cp_L0
0x0004       [1]    __Lib_Sprinti_?FLOC____Lib_Sprinti_Do_FillT40
0x0004       [2]    frexp_pom_L0
0x0004       [2]    strcpy_cp_L0
0x0004       [2]    memcpy_ss_L0
0x0004       [2]    strncat_cp_L0
0x0004       [2]    __Lib_MemManager_MM_GetMemAlign_P_L0
0x0004       [2]    strcat_cp_L0
0x0005       [2]    LongWordToHex_input_half_L0
0x0005       [2]    memmove_ff_L0
0x0005       [1]    MM_TotalFreeMemSize_i_L0
0x0005       [2]    Ltrim_p_L0
0x0005       [2]    LongIntToHex_input_half_L0
0x0005       [1]    __Lib_Sprinti_?FLOC____Lib_Sprinti_Do_FillT54
0x0005       [1]    R5
0x0006       [1]    R6
0x0006       [1]    __Lib_Sprinti_?FLOC____Lib_Sprinti_Do_FillT69
0x0006       [1]    __Lib_MemManager_MM_GetMemAlign_i_L0
0x0007       [1]    R7
0x0007       [1]    __Lib_TFT_16bit_JPEG_GenerateHuffmanTables_bLength_L0
0x0007       [1]    __Lib_TFT_JPEG_GenerateHuffmanTables_bLength_L0
0x0008       [1]    R8
0x0008       [1]    __Lib_TFT_JPEG_GenerateHuffmanTables_bTable_L0
0x0008       [1]    __Lib_TFT_16bit_JPEG_GenerateHuffmanTables_bTable_L0
0x0009       [4]    __Lib_MmcFat16_f16_toLong_l_L0
0x0009       [1]    R9
0x000A       [1]    R10
0x000B       [1]    R11
0x000C       [1]    R12
0x000D       [1]    R13
0x000E       [1]    R14
0x000F       [1]    R15
0x0010       [1]    R16
0x0011       [1]    R17
0x0012       [1]    R18
0x0013       [1]    R19
0x0014       [1]    R20
0x0015       [8]    __Lib_FT5XX6_OrientPrototype1
0x001D       [8]    __Lib_FT5XX6_OrientPrototype0
0x0025       [8]    __Lib_FT5XX6_OrientPrototype3
0x002D       [8]    __Lib_FT5XX6_OrientPrototype2
0x0035       [1]    _ft5xx6_gest_move_up
0x0036       [1]    _ft5xx6_gest_move_right
0x0037       [1]    _ft5xx6_gest_move_left
0x0038       [1]    _ft5xx6_gest_move_down
0x0F40       [1]    DACCON1
0x0F41       [1]    DACCON0
0x0FD3       [1]    OSCCON
0x0FD8       [1]    STATUS
0x0FD9       [1]    FSR2L
0x0FDA       [1]    FSR2H
0x0FDE       [1]    POSTINC2
0x0FE0       [1]    BSR
0x0FE1       [1]    FSR1L
0x0FE2       [1]    FSR1H
0x0FE4       [1]    PREINC1
0x0FE6       [1]    POSTINC1
0x0FE7       [1]    INDF1
0x0FE8       [1]    WREG
0x0FE9       [1]    FSR0L
0x0FEA       [1]    FSR0H
0x0FEE       [1]    POSTINC0
0x0FF3       [1]    PRODL
0x0FF4       [1]    PRODH
0x0FF5       [1]    TABLAT
0x0FF6       [1]    TBLPTRL
0x0FF6       [3]    TBLPTR
0x0FF7       [1]    TBLPTRH
0x0FF8       [1]    TBLPTRU
//** Constants locations ** 
//ADDRESS    SIZE    CONSTANT
//----------------------------------------------
0x0050       [8]    ?ICS__Lib_FT5XX6_OrientPrototype1
0x0058       [8]    ?ICS__Lib_FT5XX6_OrientPrototype0
0x0060       [8]    ?ICS__Lib_FT5XX6_OrientPrototype3
0x0068       [8]    ?ICS__Lib_FT5XX6_OrientPrototype2
